make all --print-data-base --no-builtin-variables --no-builtin-rules --question
# GNU Make 3.81
# Copyright (C) 2006  Free Software Foundation, Inc.
# This is free software; see the source for copying conditions.
# There is NO warranty; not even for MERCHANTABILITY or FITNESS FOR A
# PARTICULAR PURPOSE.

# This program built for i386-apple-darwin11.3.0
 

# Make data base, printed on Tue Jul 26 12:42:15 2022

# Variables

# automatic
<D = $(patsubst %/,%,$(dir $<))
# automatic
?F = $(notdir $?)
# makefile (from `Makefile', line 39)
OBJ = $(addprefix obj/,$(notdir $(SRC:.c=.o))) 
# makefile (from `Makefile', line 25)
SRC = push_swap.c operations_in_list.c moves_stack.c main.c main.c convert_input_tolist.c checking_lists.c quick_sort.c is_sorted.c bubble_sort.c 
# automatic
?D = $(patsubst %/,%,$(dir $?))
# automatic
@D = $(patsubst %/,%,$(dir $@))
# automatic
@F = $(notdir $@)
# makefile
CURDIR := /Users/fnieves-/Documents/Proyectos/push swap pryct/push_swap_git
# makefile
SHELL = /bin/sh
# environment
VSCODE_NLS_CONFIG = {"locale":"en-us","availableLanguages":{},"_languagePackSupport":true}
# environment
_ = /usr/bin/make
# makefile (from `Makefile', line 1)
MAKEFILE_LIST :=  Makefile
# environment
VSCODE_CWD = /
# environment
PATH = /Users/fnieves-/.brew/bin:/Users/fnieves-/.brew/bin:/usr/local/bin:/usr/bin:/bin:/usr/sbin:/sbin:/usr/local/munki:/Library/Apple/usr/bin
# environment
LSCOLORS = Gxfxcxdxbxegedabagacad
# makefile (from `Makefile', line 13)
VPATH = src 
# environment
LaunchInstanceID = 55A379D7-3929-4FF3-B6BC-5CA232542BF2
# environment
ELECTRON_RUN_AS_NODE = 1
# default
.FEATURES := target-specific order-only second-expansion else-if archives jobserver check-symlink
# environment
SSH_AUTH_SOCK = /private/tmp/com.apple.launchd.rirWW8R2Lb/Listeners
# automatic
%F = $(notdir $%)
# environment
PWD = /Users/fnieves-/Documents/Proyectos/push swap pryct/push_swap_git
# makefile (from `Makefile', line 14)
INCFLAGS = -I libft -I include 
# environment
ORIGINAL_XDG_CURRENT_DESKTOP = undefined
# environment
VSCODE_AMD_ENTRYPOINT = vs/workbench/api/node/extensionHostProcess
# environment
HOME = /Users/fnieves-
# default
MAKEFILEPATH := /Applications/Xcode.app/Contents/Developer/Makefiles
# environment
VSCODE_CODE_CACHE_PATH = /Users/fnieves-/Library/Application Support/Code/CachedData/b06ae3b2d2dbfe28bca3134cc6be65935cdfea6a
# environment
LOGNAME = fnieves-
# environment
APPLICATION_INSIGHTS_NO_DIAGNOSTIC_CHANNEL = 1
# environment
ZSH = /Users/fnieves-/.oh-my-zsh
# environment
VSCODE_HANDLES_UNCAUGHT_ERRORS = true
# automatic
^D = $(patsubst %/,%,$(dir $^))
# environment
XPC_FLAGS = 0x0
# default
MAKE = $(MAKE_COMMAND)
# default
MAKECMDGOALS := all
# environment
SHLVL = 1
# makefile (from `Makefile', line 16)
CC = cc
# default
MAKE_VERSION := 3.81
# environment
USER = fnieves-
# makefile
.DEFAULT_GOAL := push_swap
# makefile (from `Makefile', line 20)
NAME = push_swap
# environment
LESS = -R
# automatic
%D = $(patsubst %/,%,$(dir $%))
# default
MAKE_COMMAND := /Applications/Xcode.app/Contents/Developer/usr/bin/make
# default
.VARIABLES := 
# environment
TMPDIR = /var/folders/zz/zyxvpxvq6csfxvn_n000ccmm003355/T/
# automatic
*F = $(notdir $*)
# environment
VSCODE_IPC_HOOK = /Users/fnieves-/Library/Application Support/Code/1.69.1-main.sock
# environment
MallocNanoZone = 0
# makefile
MAKEFLAGS = Rrqp
# environment
MFLAGS = -Rrqp
# automatic
*D = $(patsubst %/,%,$(dir $*))
# environment
XPC_SERVICE_NAME = com.apple.xpc.launchd.oneshot.0x10000002.Electron
# automatic
+D = $(patsubst %/,%,$(dir $+))
# automatic
+F = $(notdir $+)
# environment
__CF_USER_TEXT_ENCODING = 0x18CA5:0x0:0x0
# environment
COMMAND_MODE = unix2003
# default
MAKEFILES := 
# automatic
<F = $(notdir $<)
# environment
PAGER = less
# environment
LC_ALL = C
# makefile (from `Makefile', line 22)
HEADER = include/push_swap.h
# makefile (from `Makefile', line 38)
LIBS = libft/libft.a 	
# environment
SECURITYSESSIONID = 186a7
# automatic
^F = $(notdir $^)
# default
SUFFIXES := 
# makefile (from `Makefile', line 17)
FLAGS = -Wall -Werror -Wextra
# default
.INCLUDE_DIRS = /usr/local/include
# environment
MAKELEVEL := 0
# environment
LANG = C
# environment
VSCODE_PID = 51675
# variable set hash-table stats:
# Load=72/1024=7%, Rehash=0, Collisions=5/104=5%

# Pattern-specific Variable Values

# No pattern-specific variable values.

# Directories

# include (device 16777225, inode 1926255): 3 files, no impossibilities so far.
# . (device 16777225, inode 1799082): 12 files, 1 impossibilities.
# src (device 16777225, inode 1926278): 12 files, no impossibilities.
# libft (device 16777225, inode 1936146): No files, no impossibilities so far.

# 27 files, 1 impossibilities in 4 directories.

# Implicit Rules

obj/%.o: %.c libft/libft.a 	 include/push_swap.h | obj
#  commands to execute (from `Makefile', line 47):
	$(CC) $(FLAGS) $(INCFLAGS) -c $< -o $@
	

# 1 implicit rules, 0 (0.0%) terminal.

# Files

obj/is_sorted.o: src/is_sorted.c libft/libft.a include/push_swap.h | obj
#  Implicit rule search has been done.
#  Implicit/static pattern stem: `is_sorted'
#  Last modified 2022-07-26 12:35:07
#  File has been updated.
#  Successfully updated.
# variable set hash-table stats:
# Load=0/32=0%, Rehash=0, Collisions=0/0=0%
#  commands to execute (from `Makefile', line 47):
	$(CC) $(FLAGS) $(INCFLAGS) -c $< -o $@
	

all: push_swap
#  Phony target (prerequisite of .PHONY).
#  Command-line target.
#  Implicit rule search has not been done.
#  File does not exist.
#  File has been updated.
#  Successfully updated.
# variable set hash-table stats:
# Load=0/32=0%, Rehash=0, Collisions=0/0=0%

.PHONY: all clean fclean re bonus
#  Implicit rule search has not been done.
#  Modification time never checked.
#  File has not been updated.

obj/push_swap.o: src/push_swap.c libft/libft.a include/push_swap.h | obj
#  Implicit rule search has been done.
#  Implicit/static pattern stem: `push_swap'
#  Last modified 2022-07-26 12:35:06
#  File has been updated.
#  Successfully updated.
# variable set hash-table stats:
# Load=0/32=0%, Rehash=0, Collisions=0/0=0%
#  commands to execute (from `Makefile', line 47):
	$(CC) $(FLAGS) $(INCFLAGS) -c $< -o $@
	

# Not a target:
src/bubble_sort.c:
#  Implicit rule search has been done.
#  Last modified 2022-07-26 12:40:40
#  File has been updated.
#  Successfully updated.
# variable set hash-table stats:
# Load=0/32=0%, Rehash=0, Collisions=0/0=0%

obj/main.o: src/main.c libft/libft.a include/push_swap.h | obj
#  Implicit rule search has been done.
#  Implicit/static pattern stem: `main'
#  Last modified 2022-07-26 12:42:05
#  File has been updated.
#  Successfully updated.
# variable set hash-table stats:
# Load=0/32=0%, Rehash=0, Collisions=0/0=0%
#  commands to execute (from `Makefile', line 47):
	$(CC) $(FLAGS) $(INCFLAGS) -c $< -o $@
	

obj/operations_in_list.o: src/operations_in_list.c libft/libft.a include/push_swap.h | obj
#  Implicit rule search has been done.
#  Implicit/static pattern stem: `operations_in_list'
#  Last modified 2022-07-26 12:35:07
#  File has been updated.
#  Successfully updated.
# variable set hash-table stats:
# Load=0/32=0%, Rehash=0, Collisions=0/0=0%
#  commands to execute (from `Makefile', line 47):
	$(CC) $(FLAGS) $(INCFLAGS) -c $< -o $@
	

# Not a target:
.SUFFIXES:
#  Implicit rule search has not been done.
#  Modification time never checked.
#  File has not been updated.

# Not a target:
src/is_sorted.c:
#  Implicit rule search has been done.
#  Last modified 2022-07-24 13:49:48
#  File has been updated.
#  Successfully updated.
# variable set hash-table stats:
# Load=0/32=0%, Rehash=0, Collisions=0/0=0%

# Not a target:
Makefile:
#  Implicit rule search has been done.
#  Last modified 2022-07-26 12:42:03
#  File has been updated.
#  Successfully updated.
# variable set hash-table stats:
# Load=0/32=0%, Rehash=0, Collisions=0/0=0%

libs: fclean all
#  Implicit rule search has not been done.
#  Modification time never checked.
#  File has not been updated.

libft/libft.a:
#  Implicit rule search has not been done.
#  Last modified 2022-07-22 12:00:12
#  File has been updated.
#  Successfully updated.
#  commands to execute (from `Makefile', line 55):
	-(cd libft && make)
	-(cd libft && make clean)
	

# Not a target:
include/push_swap.h:
#  Implicit rule search has been done.
#  Last modified 2022-07-26 12:35:04
#  File has been updated.
#  Successfully updated.
# variable set hash-table stats:
# Load=0/32=0%, Rehash=0, Collisions=0/0=0%

# Not a target:
src/push_swap.c:
 
#  Implicit rule search has been done.
#  Last modified 2022-07-25 19:00:44
#  File has been updated.
#  Successfully updated.
# variable set hash-table stats:
# Load=0/32=0%, Rehash=0, Collisions=0/0=0%

bonus:
#  Phony target (prerequisite of .PHONY).
#  Implicit rule search has not been done.
#  File does not exist.
#  File has not been updated.

obj/checking_lists.o: src/checking_lists.c libft/libft.a include/push_swap.h | obj
#  Implicit rule search has been done.
#  Implicit/static pattern stem: `checking_lists'
#  Last modified 2022-07-26 12:35:07
#  File has been updated.
#  Successfully updated.
# variable set hash-table stats:
# Load=0/32=0%, Rehash=0, Collisions=0/0=0%
#  commands to execute (from `Makefile', line 47):
	$(CC) $(FLAGS) $(INCFLAGS) -c $< -o $@
	

fclean: clean
#  Phony target (prerequisite of .PHONY).
#  Implicit rule search has not been done.
#  File does not exist.
#  File has not been updated.
#  commands to execute (from `Makefile', line 68):
	rm -f $(NAME)
	-(cd libft && make fclean)
	

obj/moves_stack.o: src/moves_stack.c libft/libft.a include/push_swap.h | obj
#  Implicit rule search has been done.
#  Implicit/static pattern stem: `moves_stack'
#  Last modified 2022-07-26 12:35:07
#  File has been updated.
#  Successfully updated.
# variable set hash-table stats:
# Load=0/32=0%, Rehash=0, Collisions=0/0=0%
#  commands to execute (from `Makefile', line 47):
	$(CC) $(FLAGS) $(INCFLAGS) -c $< -o $@
	

# Not a target:
src/main.c:
#  Implicit rule search has been done.
#  Last modified 2022-07-26 12:41:41
#  File has been updated.
#  Successfully updated.
# variable set hash-table stats:
# Load=0/32=0%, Rehash=0, Collisions=0/0=0%

# Not a target:
src/operations_in_list.c:
#  Implicit rule search has been done.
#  Last modified 2022-07-22 11:39:03
#  File has been updated.
#  Successfully updated.
# variable set hash-table stats:
# Load=0/32=0%, Rehash=0, Collisions=0/0=0%

obj:
#  Implicit rule search has not been done.
#  Last modified 2022-07-26 12:42:05
#  File has been updated.
#  Successfully updated.
#  commands to execute (from `Makefile', line 50):
	mkdir obj
	

# Not a target:
.DEFAULT:
#  Implicit rule search has not been done.
#  Modification time never checked.
#  File has not been updated.

re: clean all
#  Phony target (prerequisite of .PHONY).
#  Implicit rule search has not been done.
#  File does not exist.
#  File has not been updated.

clean:
#  Phony target (prerequisite of .PHONY).
#  Implicit rule search has not been done.
#  File does not exist.
#  File has not been updated.
#  commands to execute (from `Makefile', line 64):
	rm -rf obj
	

obj/convert_input_tolist.o: src/convert_input_tolist.c libft/libft.a include/push_swap.h | obj
#  Implicit rule search has been done.
#  Implicit/static pattern stem: `convert_input_tolist'
#  Last modified 2022-07-26 12:35:07
#  File has been updated.
#  Successfully updated.
# variable set hash-table stats:
# Load=0/32=0%, Rehash=0, Collisions=0/0=0%
#  commands to execute (from `Makefile', line 47):
	$(CC) $(FLAGS) $(INCFLAGS) -c $< -o $@
	

push_swap: obj/push_swap.o obj/operations_in_list.o obj/moves_stack.o obj/main.o obj/main.o obj/convert_input_tolist.o obj/checking_lists.o obj/quick_sort.o obj/is_sorted.o obj/bubble_sort.o | libft/libft.a
#  Implicit rule search has not been done.
#  Last modified 2022-07-26 12:42:05
#  File has been updated.
#  Successfully updated.
# variable set hash-table stats:
# Load=0/32=0%, Rehash=0, Collisions=0/0=0%
#  commands to execute (from `Makefile', line 44):
	$(CC) $(FLAGS) -o $@ $^ -Llibft -lft
	

# Not a target:
src/checking_lists.c:
#  Implicit rule search has been done.
#  Last modified 2022-07-26 11:57:56
#  File has been updated.
#  Successfully updated.
# variable set hash-table stats:
# Load=0/32=0%, Rehash=0, Collisions=0/0=0%

# Not a target:
src/moves_stack.c:
#  Implicit rule search has been done.
#  Last modified 2022-07-22 12:12:29
#  File has been updated.
#  Successfully updated.
# variable set hash-table stats:
# Load=0/32=0%, Rehash=0, Collisions=0/0=0%

# Not a target:
obj/quick_sort.o:
#  Implicit rule search has been done.
#  Last modified 2022-07-25 15:59:19
#  File has been updated.
#  Successfully updated.
# variable set hash-table stats:
# Load=0/32=0%, Rehash=0, Collisions=0/0=0%

# Not a target:
src/convert_input_tolist.c:
#  Implicit rule search has been done.
#  Last modified 2022-07-25 19:12:06
#  File has been updated.
#  Successfully updated.
# variable set hash-table stats:
# Load=0/32=0%, Rehash=0, Collisions=0/0=0%

obj/bubble_sort.o: src/bubble_sort.c libft/libft.a include/push_swap.h | obj
#  Implicit rule search has been done.
#  Implicit/static pattern stem: `bubble_sort'
#  Last modified 2022-07-26 12:40:57
#  File has been updated.
#  Successfully updated.
# variable set hash-table stats:
# Load=0/32=0%, Rehash=0, Collisions=0/0=0%
#  commands to execute (from `Makefile', line 47):
	$(CC) $(FLAGS) $(INCFLAGS) -c $< -o $@
	

# files hash-table stats:
# Load=31/1024=3%, Rehash=0, Collisions=2/192=1%
# VPATH Search Paths

# No `vpath' search paths.

# General (`VPATH' variable) search path:
# src

# # of strings in strcache: 1
# # of strcache buffers: 1
# strcache size: total = 4096 / max = 4096 / min = 4096 / avg = 4096
# strcache free: total = 4087 / max = 4087 / min = 4087 / avg = 4087

# Finished Make data base on Tue Jul 26 12:42:15 2022

 
